2020-06-17 14:21:12 INFO  TestBink:58 - >>>>>>>>>>>>>>测试开始，准备环境<<<<<<<<<<<<<<
2020-06-17 14:21:13 INFO  TestBink:16 - 测试中
2020-06-17 14:21:13 INFO  TestBink:17 - api
2020-06-17 14:21:13 INFO  TestBink:18 - https://reqres.in
2020-06-17 14:21:13 INFO  TestBink:66 - 测试完成，准备恢复环境！
2020-06-17 14:29:08 INFO  TestBink:58 - >>>>>>>>>>>>>>测试开始，准备环境<<<<<<<<<<<<<<
2020-06-17 14:29:09 INFO  TestBink:16 - 测试中
2020-06-17 14:29:09 INFO  TestBink:17 - api
2020-06-17 14:29:09 INFO  TestBink:18 - https://reqres.in
2020-06-17 14:29:09 INFO  TestBink:66 - 测试完成，准备恢复环境！
2020-06-17 14:29:09 INFO  CreateTest:58 - >>>>>>>>>>>>>>测试开始，准备环境<<<<<<<<<<<<<<
2020-06-17 14:29:09 INFO  CreateTest:66 - 测试完成，准备恢复环境！
2020-06-17 14:29:09 INFO  ListUsersTest:58 - >>>>>>>>>>>>>>测试开始，准备环境<<<<<<<<<<<<<<
2020-06-17 14:29:09 INFO  ListUsersTest:66 - 测试完成，准备恢复环境！
2020-06-17 14:33:59 INFO  TestBink:58 - >>>>>>>>>>>>>>测试开始，准备环境<<<<<<<<<<<<<<
2020-06-17 14:34:00 INFO  TestBink:16 - 测试中
2020-06-17 14:34:00 INFO  TestBink:17 - api
2020-06-17 14:34:00 INFO  TestBink:18 - https://reqres.in
2020-06-17 14:34:00 INFO  TestBink:66 - 测试完成，准备恢复环境！
2020-06-17 14:34:00 INFO  TestDemo:58 - >>>>>>>>>>>>>>测试开始，准备环境<<<<<<<<<<<<<<
2020-06-17 14:36:07 INFO  TestDemo:66 - 测试完成，准备恢复环境！
2020-06-17 14:36:07 INFO  CreateTest:58 - >>>>>>>>>>>>>>测试开始，准备环境<<<<<<<<<<<<<<
2020-06-17 14:36:07 INFO  CreateTest:19 - api
2020-06-17 14:36:07 INFO  CreateTest:20 - https://reqres.in
2020-06-17 14:36:07 INFO  CreateTest:31 - api
2020-06-17 14:36:07 INFO  CreateTest:32 - https://reqres.in
2020-06-17 14:36:07 INFO  CreateTest:66 - 测试完成，准备恢复环境！
2020-06-17 14:36:07 INFO  ListUsersTest:58 - >>>>>>>>>>>>>>测试开始，准备环境<<<<<<<<<<<<<<
2020-06-17 14:36:07 INFO  ListUsersTest:17 - api
2020-06-17 14:36:07 INFO  ListUsersTest:18 - https://reqres.in
2020-06-17 14:36:07 INFO  ListUsersTest:66 - 测试完成，准备恢复环境！
2020-06-17 14:40:29 INFO  CreateTest:58 - >>>>>>>>>>>>>>测试开始，准备环境<<<<<<<<<<<<<<
2020-06-17 14:40:31 INFO  CreateTest:19 - BaseURI: https://reqres.in
2020-06-17 14:40:31 INFO  CreateTest:20 - BasePath: /api
2020-06-17 14:40:31 INFO  CreateTest:66 - 测试完成，准备恢复环境！
2020-06-17 14:44:07 INFO  CreateTest:58 - >>>>>>>>>>>>>>测试开始，准备环境<<<<<<<<<<<<<<
2020-06-17 14:44:08 INFO  CreateTest:21 - BaseURI: https://reqres.in
2020-06-17 14:44:08 INFO  CreateTest:22 - BasePath: 
2020-06-17 14:44:08 INFO  CreateTest:66 - 测试完成，准备恢复环境！
2020-06-18 10:07:43 INFO  BizframeTestController:84 - >>>>>>>>>>>>>>日志配置完成<<<<<<<<<<<<<<
2020-06-18 10:07:43 INFO  BizframeTestController:18 - >>>>>>>>>>>>>>开始准备测试环境<<<<<<<<<<<<<<
2020-06-18 10:07:44 INFO  BizframeTestController:72 - 测试完成，准备恢复环境！
2020-06-18 10:08:12 INFO  BizframeTestController:84 - >>>>>>>>>>>>>>日志配置完成<<<<<<<<<<<<<<
2020-06-18 10:08:12 INFO  BizframeTestController:18 - >>>>>>>>>>>>>>开始准备测试环境<<<<<<<<<<<<<<
2020-06-18 10:08:16 INFO  BizframeTestController:72 - 测试完成，准备恢复环境！
2020-06-18 10:09:44 INFO  BizframeTestController:84 - >>>>>>>>>>>>>>日志配置完成<<<<<<<<<<<<<<
2020-06-18 10:09:44 INFO  BizframeTestController:18 - >>>>>>>>>>>>>>开始准备测试环境<<<<<<<<<<<<<<
2020-06-18 10:09:48 INFO  BizframeTestController:72 - 测试完成，准备恢复环境！
2020-06-18 10:12:41 INFO  BizframeTestController:86 - >>>>>>>>>>>>>>日志配置完成<<<<<<<<<<<<<<
2020-06-18 10:12:41 INFO  BizframeTestController:18 - >>>>>>>>>>>>>>开始准备测试环境<<<<<<<<<<<<<<
2020-06-18 10:12:45 INFO  BizframeTestController:74 - 测试完成，准备恢复环境！
2020-06-18 10:13:23 INFO  BizframeTestController:86 - >>>>>>>>>>>>>>日志配置完成<<<<<<<<<<<<<<
2020-06-18 10:13:23 INFO  BizframeTestController:18 - >>>>>>>>>>>>>>开始准备测试环境<<<<<<<<<<<<<<
2020-06-18 10:13:27 INFO  BizframeTestController:74 - 测试完成，准备恢复环境！
2020-06-18 10:13:55 INFO  BizframeTestController:86 - >>>>>>>>>>>>>>日志配置完成<<<<<<<<<<<<<<
2020-06-18 10:13:55 INFO  BizframeTestController:18 - >>>>>>>>>>>>>>开始准备测试环境<<<<<<<<<<<<<<
2020-06-18 10:15:35 INFO  BizframeTestController:74 - 测试完成，准备恢复环境！
2020-06-18 10:15:44 INFO  BizframeTestController:86 - >>>>>>>>>>>>>>日志配置完成<<<<<<<<<<<<<<
2020-06-18 10:15:44 INFO  BizframeTestController:20 - >>>>>>>>>>>>>>开始准备测试环境<<<<<<<<<<<<<<
2020-06-18 10:15:48 INFO  BizframeTestController:74 - 测试完成，准备恢复环境！
2020-06-18 10:16:08 INFO  BizframeTestController:86 - >>>>>>>>>>>>>>日志配置完成<<<<<<<<<<<<<<
2020-06-18 10:16:08 INFO  BizframeTestController:20 - >>>>>>>>>>>>>>开始准备测试环境<<<<<<<<<<<<<<
2020-06-18 10:16:12 INFO  BizframeTestController:74 - 测试完成，准备恢复环境！
2020-06-18 10:18:34 INFO  BizframeTestController:86 - >>>>>>>>>>>>>>日志配置完成<<<<<<<<<<<<<<
2020-06-18 10:18:34 INFO  BizframeTestController:20 - >>>>>>>>>>>>>>开始准备测试环境<<<<<<<<<<<<<<
2020-06-18 10:18:38 INFO  BizframeTestController:74 - 测试完成，准备恢复环境！
2020-06-18 10:29:24 INFO  BizframeTestController:86 - >>>>>>>>>>>>>>日志配置完成<<<<<<<<<<<<<<
2020-06-18 10:29:24 INFO  BizframeTestController:24 - >>>>>>>>>>>>>>开始准备测试环境<<<<<<<<<<<<<<
2020-06-18 10:29:29 INFO  BizframeTestController:74 - 测试完成，准备恢复环境！
2020-06-18 10:49:21 INFO  BizframeTestController:86 - >>>>>>>>>>>>>>日志配置完成<<<<<<<<<<<<<<
2020-06-18 10:49:21 INFO  BizframeTestController:25 - >>>>>>>>>>>>>>开始准备测试环境<<<<<<<<<<<<<<
2020-06-18 10:49:26 INFO  BizframeTestController:74 - 测试完成，准备恢复环境！
2020-06-18 13:49:49 INFO  BizframeTestController:86 - >>>>>>>>>>>>>>日志配置完成<<<<<<<<<<<<<<
2020-06-18 13:49:50 INFO  BizframeTestController:28 - >>>>>>>>>>>>>>开始准备测试环境<<<<<<<<<<<<<<
2020-06-18 13:49:56 INFO  BizframeTestController:74 - >>>>>>>>>>>>>>测试完成，恢复环境！<<<<<<<<<<<<<<
2020-06-18 13:52:32 INFO  BizframeTestController:86 - >>>>>>>>>>>>>>日志配置完成<<<<<<<<<<<<<<
2020-06-18 13:52:32 INFO  BizframeTestController:28 - >>>>>>>>>>>>>>开始准备测试环境<<<<<<<<<<<<<<
2020-06-18 13:52:43 INFO  BizframeTestController:74 - >>>>>>>>>>>>>>测试完成，恢复环境！<<<<<<<<<<<<<<
2020-06-18 13:59:42 INFO  BizframeTestController:86 - >>>>>>>>>>>>>>日志配置完成<<<<<<<<<<<<<<
2020-06-18 13:59:42 INFO  BizframeTestController:66 - >>>>>>>>>>>>>>开始准备测试环境<<<<<<<<<<<<<<
2020-06-18 13:59:46 INFO  BizframeTestController:74 - >>>>>>>>>>>>>>测试完成，恢复环境！<<<<<<<<<<<<<<
2020-06-18 14:05:19 INFO  BizframeTestController:96 - >>>>>>>>>>>>>>日志配置完成<<<<<<<<<<<<<<
2020-06-18 14:05:19 INFO  BizframeTestController:71 - >>>>>>>>>>>>>>开始准备测试环境<<<<<<<<<<<<<<
2020-06-18 14:05:24 INFO  BizframeTestController:84 - >>>>>>>>>>>>>>测试完成，恢复环境！<<<<<<<<<<<<<<
2020-06-18 14:06:25 INFO  BizframeTestController:96 - >>>>>>>>>>>>>>日志配置完成<<<<<<<<<<<<<<
2020-06-18 14:06:25 INFO  BizframeTestController:71 - >>>>>>>>>>>>>>开始准备测试环境<<<<<<<<<<<<<<
2020-06-18 14:07:13 INFO  BizframeTestController:96 - >>>>>>>>>>>>>>日志配置完成<<<<<<<<<<<<<<
2020-06-18 14:07:13 INFO  BizframeTestController:71 - >>>>>>>>>>>>>>开始准备测试环境<<<<<<<<<<<<<<
2020-06-18 14:07:18 INFO  BizframeTestController:84 - >>>>>>>>>>>>>>测试完成，恢复环境！<<<<<<<<<<<<<<
2020-06-18 14:07:37 INFO  BizframeTestController:96 - >>>>>>>>>>>>>>日志配置完成<<<<<<<<<<<<<<
2020-06-18 14:07:37 INFO  BizframeTestController:71 - >>>>>>>>>>>>>>开始准备测试环境<<<<<<<<<<<<<<
2020-06-18 14:09:01 INFO  BizframeTestController:84 - >>>>>>>>>>>>>>测试完成，恢复环境！<<<<<<<<<<<<<<
2020-06-18 14:09:13 INFO  BizframeTestController:98 - >>>>>>>>>>>>>>日志配置完成<<<<<<<<<<<<<<
2020-06-18 14:09:13 INFO  BizframeTestController:71 - >>>>>>>>>>>>>>开始准备测试环境<<<<<<<<<<<<<<
2020-06-18 14:09:18 INFO  BizframeTestController:86 - >>>>>>>>>>>>>>测试完成，恢复环境！<<<<<<<<<<<<<<
2020-06-18 14:11:01 INFO  BizframeTestController:98 - >>>>>>>>>>>>>>日志配置完成<<<<<<<<<<<<<<
2020-06-18 14:11:01 INFO  BizframeTestController:71 - >>>>>>>>>>>>>>开始准备测试环境<<<<<<<<<<<<<<
2020-06-18 14:12:20 INFO  BizframeTestController:98 - >>>>>>>>>>>>>>日志配置完成<<<<<<<<<<<<<<
2020-06-18 14:12:20 INFO  BizframeTestController:71 - >>>>>>>>>>>>>>开始准备测试环境<<<<<<<<<<<<<<
2020-06-18 14:12:25 INFO  BizframeTestController:86 - >>>>>>>>>>>>>>测试完成，恢复环境！<<<<<<<<<<<<<<
2020-06-18 14:13:49 INFO  BizframeTestController:98 - >>>>>>>>>>>>>>日志配置完成<<<<<<<<<<<<<<
2020-06-18 14:13:49 INFO  BizframeTestController:71 - >>>>>>>>>>>>>>开始准备测试环境<<<<<<<<<<<<<<
2020-06-18 14:13:55 INFO  BizframeTestController:86 - >>>>>>>>>>>>>>测试完成，恢复环境！<<<<<<<<<<<<<<
2020-06-18 14:19:01 INFO  BizframeTestController:98 - >>>>>>>>>>>>>>日志配置完成<<<<<<<<<<<<<<
2020-06-18 14:19:01 INFO  BizframeTestController:71 - >>>>>>>>>>>>>>开始准备测试环境<<<<<<<<<<<<<<
2020-06-18 14:19:07 INFO  BizframeTestController:86 - >>>>>>>>>>>>>>测试完成，恢复环境！<<<<<<<<<<<<<<
2020-06-18 14:20:08 INFO  BizframeTestController:98 - >>>>>>>>>>>>>>日志配置完成<<<<<<<<<<<<<<
2020-06-18 14:20:08 INFO  BizframeTestController:71 - >>>>>>>>>>>>>>开始准备测试环境<<<<<<<<<<<<<<
2020-06-18 14:20:13 INFO  BizframeTestController:86 - >>>>>>>>>>>>>>测试完成，恢复环境！<<<<<<<<<<<<<<
2020-06-18 14:23:21 INFO  BizframeTestController:98 - >>>>>>>>>>>>>>日志配置完成<<<<<<<<<<<<<<
2020-06-18 14:23:21 INFO  BizframeTestController:71 - >>>>>>>>>>>>>>开始准备测试环境<<<<<<<<<<<<<<
2020-06-18 14:23:26 INFO  BizframeTestController:86 - >>>>>>>>>>>>>>测试完成，恢复环境！<<<<<<<<<<<<<<
2020-06-18 14:27:03 INFO  BizframeTestController:98 - >>>>>>>>>>>>>>日志配置完成<<<<<<<<<<<<<<
2020-06-18 14:27:03 INFO  BizframeTestController:71 - >>>>>>>>>>>>>>开始准备测试环境<<<<<<<<<<<<<<
2020-06-18 14:27:08 INFO  BizframeTestController:86 - >>>>>>>>>>>>>>测试完成，恢复环境！<<<<<<<<<<<<<<
2020-06-18 14:29:09 INFO  BizframeTestController:98 - >>>>>>>>>>>>>>日志配置完成<<<<<<<<<<<<<<
2020-06-18 14:29:09 INFO  BizframeTestController:71 - >>>>>>>>>>>>>>开始准备测试环境<<<<<<<<<<<<<<
2020-06-18 14:29:14 INFO  BizframeTestController:86 - >>>>>>>>>>>>>>测试完成，恢复环境！<<<<<<<<<<<<<<
2020-06-18 14:58:52 INFO  BizFrameTestController:98 - >>>>>>>>>>>>>>日志配置完成<<<<<<<<<<<<<<
2020-06-18 14:58:52 INFO  BizFrameTestController:71 - >>>>>>>>>>>>>>开始准备测试环境<<<<<<<<<<<<<<
2020-06-18 14:58:56 INFO  BizFrameTestController:86 - >>>>>>>>>>>>>>测试完成，恢复环境！<<<<<<<<<<<<<<
2020-06-18 15:25:05 INFO  BizFrameTestController:98 - >>>>>>>>>>>>>>日志配置完成<<<<<<<<<<<<<<
2020-06-18 15:25:05 INFO  BizFrameTestController:71 - >>>>>>>>>>>>>>开始准备测试环境<<<<<<<<<<<<<<
2020-06-18 15:25:09 INFO  BizFrameTestController:86 - >>>>>>>>>>>>>>测试完成，恢复环境！<<<<<<<<<<<<<<
2020-06-18 15:25:52 INFO  BizFrameTestController:98 - >>>>>>>>>>>>>>日志配置完成<<<<<<<<<<<<<<
2020-06-18 15:25:52 INFO  BizFrameTestController:71 - >>>>>>>>>>>>>>开始准备测试环境<<<<<<<<<<<<<<
2020-06-18 15:25:58 INFO  BizFrameTestController:86 - >>>>>>>>>>>>>>测试完成，恢复环境！<<<<<<<<<<<<<<
2020-06-19 15:21:50 INFO  BizFrameTestController:98 - >>>>>>>>>>>>>>日志配置完成<<<<<<<<<<<<<<
2020-06-19 15:21:50 INFO  BizFrameTestController:71 - >>>>>>>>>>>>>>开始准备测试环境<<<<<<<<<<<<<<
2020-06-19 15:21:57 INFO  BizFrameTestController:86 - >>>>>>>>>>>>>>测试完成，恢复环境！<<<<<<<<<<<<<<
2020-06-19 15:23:06 INFO  BizFrameTestController:98 - >>>>>>>>>>>>>>日志配置完成<<<<<<<<<<<<<<
2020-06-19 15:23:06 INFO  BizFrameTestController:71 - >>>>>>>>>>>>>>开始准备测试环境<<<<<<<<<<<<<<
2020-06-19 15:23:12 INFO  BizFrameTestController:86 - >>>>>>>>>>>>>>测试完成，恢复环境！<<<<<<<<<<<<<<
2020-06-19 15:24:37 INFO  BizFrameTestController:98 - >>>>>>>>>>>>>>日志配置完成<<<<<<<<<<<<<<
2020-06-19 15:24:37 INFO  BizFrameTestController:71 - >>>>>>>>>>>>>>开始准备测试环境<<<<<<<<<<<<<<
2020-06-19 15:24:44 INFO  BizFrameTestController:86 - >>>>>>>>>>>>>>测试完成，恢复环境！<<<<<<<<<<<<<<
2020-06-19 15:25:28 INFO  BizFrameTestController:98 - >>>>>>>>>>>>>>日志配置完成<<<<<<<<<<<<<<
2020-06-19 15:25:28 INFO  BizFrameTestController:71 - >>>>>>>>>>>>>>开始准备测试环境<<<<<<<<<<<<<<
2020-06-19 15:25:35 INFO  BizFrameTestController:86 - >>>>>>>>>>>>>>测试完成，恢复环境！<<<<<<<<<<<<<<
2020-06-19 15:30:56 INFO  BizFrameTestController:98 - >>>>>>>>>>>>>>日志配置完成<<<<<<<<<<<<<<
2020-06-19 15:30:56 INFO  BizFrameTestController:71 - >>>>>>>>>>>>>>开始准备测试环境<<<<<<<<<<<<<<
2020-06-19 15:31:02 INFO  BizFrameTestController:86 - >>>>>>>>>>>>>>测试完成，恢复环境！<<<<<<<<<<<<<<
2020-06-19 15:34:27 INFO  BizFrameTestController:98 - >>>>>>>>>>>>>>日志配置完成<<<<<<<<<<<<<<
2020-06-19 15:34:27 INFO  BizFrameTestController:71 - >>>>>>>>>>>>>>开始准备测试环境<<<<<<<<<<<<<<
2020-06-19 15:34:35 INFO  BizFrameTestController:86 - >>>>>>>>>>>>>>测试完成，恢复环境！<<<<<<<<<<<<<<
2020-06-19 15:35:58 INFO  BizFrameTestController:97 - >>>>>>>>>>>>>>日志配置完成<<<<<<<<<<<<<<
2020-06-19 15:35:58 INFO  BizFrameTestController:71 - >>>>>>>>>>>>>>开始准备测试环境<<<<<<<<<<<<<<
2020-06-19 15:36:03 INFO  BizFrameTestController:85 - >>>>>>>>>>>>>>测试完成，恢复环境！<<<<<<<<<<<<<<
2020-06-19 16:11:12 INFO  BizFrameTestController:97 - >>>>>>>>>>>>>>日志配置完成<<<<<<<<<<<<<<
2020-06-19 16:11:12 INFO  BizFrameTestController:71 - >>>>>>>>>>>>>>开始准备测试环境<<<<<<<<<<<<<<
2020-06-19 16:11:20 INFO  BizFrameTestController:85 - >>>>>>>>>>>>>>测试完成，恢复环境！<<<<<<<<<<<<<<
2020-06-19 16:12:54 INFO  BizFrameTestController:97 - >>>>>>>>>>>>>>日志配置完成<<<<<<<<<<<<<<
2020-06-19 16:12:54 INFO  BizFrameTestController:71 - >>>>>>>>>>>>>>开始准备测试环境<<<<<<<<<<<<<<
2020-06-19 16:13:01 INFO  BizFrameTestController:85 - >>>>>>>>>>>>>>测试完成，恢复环境！<<<<<<<<<<<<<<
2020-06-19 16:13:15 INFO  BizFrameTestController:97 - >>>>>>>>>>>>>>日志配置完成<<<<<<<<<<<<<<
2020-06-19 16:13:15 INFO  BizFrameTestController:71 - >>>>>>>>>>>>>>开始准备测试环境<<<<<<<<<<<<<<
2020-06-19 16:13:22 INFO  BizFrameTestController:85 - >>>>>>>>>>>>>>测试完成，恢复环境！<<<<<<<<<<<<<<
2020-06-19 16:50:21 INFO  BizFrameTestController:97 - >>>>>>>>>>>>>>日志配置完成<<<<<<<<<<<<<<
2020-06-19 16:50:21 INFO  BizFrameTestController:71 - >>>>>>>>>>>>>>开始准备测试环境<<<<<<<<<<<<<<
2020-06-19 16:50:27 INFO  BizFrameTestController:85 - >>>>>>>>>>>>>>测试完成，恢复环境！<<<<<<<<<<<<<<
2020-06-19 16:56:35 INFO  BizFrameTestController:97 - >>>>>>>>>>>>>>日志配置完成<<<<<<<<<<<<<<
2020-06-19 16:56:36 INFO  BizFrameTestController:71 - >>>>>>>>>>>>>>开始准备测试环境<<<<<<<<<<<<<<
2020-06-19 16:56:42 INFO  BizFrameTestController:85 - >>>>>>>>>>>>>>测试完成，恢复环境！<<<<<<<<<<<<<<
